<?xml version="1.0" encoding="UTF-8"?>
<!-- Generated by org.testng.reporters.JUnitReportReporter -->
<testsuite hostname="LAPTOP-D78H200V" failures="0" tests="1" name="runner.test_runner" time="11.986" errors="0" timestamp="4 Nov 2022 07:58:35 GMT">
  <testcase classname="runner.test_runner" name="runScenario" time="11.986"/>
</testsuite> <!-- runner.test_runner -->
