<?xml version="1.0" encoding="UTF-8"?>
<!-- Generated by org.testng.reporters.JUnitReportReporter -->
<testsuite hostname="LAPTOP-D78H200V" failures="0" tests="2" name="runner.test_runner" time="23.328" errors="0" timestamp="10 Nov 2022 07:10:26 GMT">
  <testcase classname="runner.test_runner" name="runScenario" time="11.542"/>
  <testcase classname="runner.test_runner" name="runScenario" time="11.786"/>
</testsuite> <!-- runner.test_runner -->
